{
  "RSpec": {
    "coverage": {
      "/Users/neneh.bojang/Desktop/Makers/week6/bookmark_manager/app.rb": {
        "lines": [
          1,
          1,
          1,
          null,
          1,
          1,
          0,
          null,
          1,
          1,
          null,
          null,
          1,
          1,
          1,
          null,
          null,
          1,
          null
        ]
      },
      "/Users/neneh.bojang/Desktop/Makers/week6/bookmark_manager/lib/bookmark_manager.rb": {
        "lines": [
          1,
          1,
          2,
          null,
          null
        ]
      },
      "/Users/neneh.bojang/Desktop/Makers/week6/bookmark_manager/spec/feature/feature_testing_spec.rb": {
        "lines": [
          1,
          null,
          1,
          1,
          1,
          1,
          null,
          1,
          1,
          1,
          1,
          3,
          null,
          null,
          null
        ]
      },
      "/Users/neneh.bojang/Desktop/Makers/week6/bookmark_manager/spec/unit/bookmark_manager_spec.rb": {
        "lines": [
          1,
          null,
          1,
          1,
          1,
          null,
          null
        ]
      }
    },
    "timestamp": 1635868410
  }
}
