{
  "RSpec": {
    "coverage": {
      "/Users/pbarsch/Desktop/MAKERS/databases/2_bookmark_manager/Bookmark_manager/app.rb": {
        "lines": [
          1,
          1,
          1,
          1,
          null,
          1,
          1,
          0,
          null,
          1,
          1,
          null,
          null,
          1,
          1,
          1,
          1,
          null,
          null,
          1,
          null
        ]
      },
      "/Users/pbarsch/Desktop/MAKERS/databases/2_bookmark_manager/Bookmark_manager/lib/bookmark_manager.rb": {
        "lines": [
          1,
          1,
          null,
          1,
          2,
          2,
          6,
          null,
          null,
          null,
          null
        ]
      },
      "/Users/pbarsch/Desktop/MAKERS/databases/2_bookmark_manager/Bookmark_manager/database_connection_setup.rb": {
        "lines": [
          1,
          null,
          1
        ]
      },
      "/Users/pbarsch/Desktop/MAKERS/databases/2_bookmark_manager/Bookmark_manager/lib/database_connection.rb": {
        "lines": [
          1,
          null,
          1,
          1,
          1,
          null,
          null,
          1,
          2,
          null,
          null
        ]
      },
      "/Users/pbarsch/Desktop/MAKERS/databases/2_bookmark_manager/Bookmark_manager/spec/feature/feature_testing_spec.rb": {
        "lines": [
          1,
          null,
          1,
          1,
          1,
          1,
          null,
          1,
          1,
          1,
          1,
          3,
          null,
          null,
          null
        ]
      },
      "/Users/pbarsch/Desktop/MAKERS/databases/2_bookmark_manager/Bookmark_manager/spec/unit/bookmark_manager_spec.rb": {
        "lines": [
          1,
          null,
          1,
          1,
          1,
          null,
          null
        ]
      }
    },
    "timestamp": 1635870881
  }
}
